<?xml version="1.0" encoding="UTF-8"?>
<testsuite xmlns:xsi="http://www.w3.org/2001/XMLSchema-instance" xsi:noNamespaceSchemaLocation="https://maven.apache.org/surefire/maven-surefire-plugin/xsd/surefire-test-report.xsd" name="com.codeclan.WordCollectionTest" time="0.015" tests="1" errors="0" skipped="0" failures="1">
  <properties>
[...]
</properties>
  <testcase name="countLength" classname="com.codeclan.WordCollectionTest" time="0.004">
    <failure message="expected:&lt;0&gt; but was:&lt;5&gt;" type="java.lang.AssertionError"><![CDATA[java.lang.AssertionError: expected:<0> but was:<5>
	at com.codeclan.WordCollectionTest.countLength(WordCollectionTest.java:15)
]]></failure>
  </testcase>
</testsuite>