<?xml version="1.0" encoding="UTF-8"?>
<testsuite xmlns:xsi="http://www.w3.org/2001/XMLSchema-instance" xsi:noNamespaceSchemaLocation="https://maven.apache.org/surefire/maven-surefire-plugin/xsd/surefire-test-report.xsd" name="com.codeclan.CalculatorTest" time="0.014" tests="3" errors="0" skipped="0" failures="0">
  <properties>
[...]
</properties>
  <testcase name="subtractNumbers" classname="com.codeclan.CalculatorTest" time="0.001"/>
  <testcase name="sumNumbers" classname="com.codeclan.CalculatorTest" time="0.001"/>
  <testcase name="divideNumbers" classname="com.codeclan.CalculatorTest" time="0"/>
</testsuite>